[00:22:05] [ServerMain/INFO]: [bootstrap] Running Java 21 (OpenJDK 64-Bit Server VM 21.0.7+6-LTS; Microsoft Microsoft-11369940) on Windows 11 10.0 (amd64)
[00:22:05] [ServerMain/INFO]: [bootstrap] Loading Paper 1.21.8-58-main@9aaaadf (2025-09-03T22:14:30Z) for Minecraft 1.21.8
[00:22:07] [ServerMain/INFO]: [PluginInitializerManager] Initializing plugins...
[00:22:09] [Paper Plugin Remapper Thread - 2/INFO]: [PluginRemapper] Remapping plugin 'C:\Users\rando\IdeaProjects\DcBridge\build\libs\DcBridge-1.0-SNAPSHOT.jar'...
[00:22:26] [Paper Plugin Remapper Thread - 2/INFO]: [PluginRemapper] Done remapping plugin 'C:\Users\rando\IdeaProjects\DcBridge\build\libs\DcBridge-1.0-SNAPSHOT.jar' in 16875ms.
[00:22:26] [ServerMain/INFO]: [PluginInitializerManager] Initialized 1 plugin
[00:22:26] [ServerMain/INFO]: [PluginInitializerManager] Bukkit plugins (1):
 - ChatBridge (1.0-SNAPSHOT)
[00:22:41] [ServerMain/INFO]: Environment: Environment[sessionHost=https://sessionserver.mojang.com, servicesHost=https://api.minecraftservices.com, name=PROD]
[00:22:47] [ServerMain/INFO]: Loaded 1407 recipes
[00:22:47] [ServerMain/INFO]: Loaded 1520 advancements
[00:22:47] [ServerMain/INFO]: [ca.spottedleaf.dataconverter.minecraft.datatypes.MCTypeRegistry] Initialising converters for DataConverter...
[00:22:48] [ServerMain/INFO]: [ca.spottedleaf.dataconverter.minecraft.datatypes.MCTypeRegistry] Finished initialising converters for DataConverter in 1,143.2ms
[00:22:49] [Server thread/INFO]: Starting minecraft server version 1.21.8
[00:22:49] [Server thread/INFO]: Loading properties
[00:22:49] [Server thread/INFO]: This server is running Paper version 1.21.8-58-main@9aaaadf (2025-09-03T22:14:30Z) (Implementing API version 1.21.8-R0.1-SNAPSHOT)
[00:22:49] [Server thread/INFO]: [spark] This server bundles the spark profiler. For more information please visit https://docs.papermc.io/paper/profiling
[00:22:49] [Server thread/INFO]: Server Ping Player Sample Count: 12
[00:22:49] [Server thread/INFO]: Using 4 threads for Netty based IO
[00:22:51] [Server thread/INFO]: [MoonriseCommon] Paper is using 2 worker threads, 1 I/O threads
[00:22:51] [Server thread/INFO]: [ChunkTaskScheduler] Chunk system is using population gen parallelism: true
[00:22:52] [Server thread/INFO]: Default game type: SURVIVAL
[00:22:52] [Server thread/INFO]: Generating keypair
[00:22:52] [Server thread/INFO]: Starting Minecraft server on *:25565
[00:22:52] [Server thread/INFO]: Using default channel type
[00:22:52] [Server thread/INFO]: Paper: Using Java compression from Velocity.
[00:22:52] [Server thread/INFO]: Paper: Using Java cipher from Velocity.
[00:22:53] [Server thread/INFO]: [ChatBridge] Loading server plugin ChatBridge v1.0-SNAPSHOT
[00:22:53] [Server thread/INFO]: Server permissions file permissions.yml is empty, ignoring it
[00:22:53] [Server thread/INFO]: Preparing level "world"
[00:22:55] [Server thread/INFO]: Preparing start region for dimension minecraft:overworld
[00:22:55] [Server thread/INFO]: Preparing spawn area: 0%
[00:22:55] [Server thread/INFO]: Preparing spawn area: 0%
[00:22:56] [Server thread/INFO]: Preparing spawn area: 0%
[00:22:57] [Server thread/INFO]: Preparing spawn area: 0%
[00:22:57] [Server thread/INFO]: Preparing spawn area: 0%
[00:22:57] [Server thread/INFO]: Preparing spawn area: 2%
[00:22:58] [Server thread/INFO]: Time elapsed: 2901 ms
[00:22:58] [Server thread/INFO]: Preparing start region for dimension minecraft:the_nether
[00:22:58] [Server thread/INFO]: Preparing spawn area: 0%
[00:22:58] [Server thread/INFO]: Time elapsed: 471 ms
[00:22:58] [Server thread/INFO]: Preparing start region for dimension minecraft:the_end
[00:22:58] [Server thread/INFO]: Preparing spawn area: 0%
[00:22:58] [Server thread/INFO]: Time elapsed: 378 ms
[00:22:58] [Server thread/INFO]: [ChatBridge] Enabling ChatBridge v1.0-SNAPSHOT
[00:23:05] [Server thread/INFO]: [net.dv8tion.jda.api.JDA] Login Successful!
[00:23:06] [JDA MainWS-WriteThread/INFO]: [net.dv8tion.jda.internal.requests.WebSocketClient] Connected to WebSocket
[00:23:06] [Server thread/INFO]: [spark] Starting background profiler...
[00:23:06] [Server thread/INFO]: [spark] The async-profiler engine is not supported for your os/arch (windows11/amd64), so the built-in Java engine will be used instead.
[00:23:07] [Server thread/INFO]: Done preparing level "world" (14.225s)
[00:23:07] [JDA MainWS-ReadThread/INFO]: [net.dv8tion.jda.api.JDA] Finished Loading!
[00:23:07] [Server thread/INFO]: Running delayed init tasks
[00:23:07] [Server thread/INFO]: Done (65.336s)! For help, type "help"
[00:23:07] [JDA MainWS-ReadThread/WARN]: [ChatBridge] Webhook not ready, sending msg over Bot
[00:23:08] [Server thread/INFO]: ChatBridge enabled
[00:23:08] [ForkJoinPool.commonPool-worker-1/INFO]: [ChatBridge] Webhook client ready.
[00:23:16] [User Authenticator #0/INFO]: UUID of player mahatmagandhrian is 6a82f599-5591-4e88-8d7c-c305338c68cf
[00:23:18] [Server thread/INFO]: mahatmagandhrian joined the game
[00:23:19] [Server thread/INFO]: mahatmagandhrian[/127.0.0.1:59878] logged in with entity id 69 at ([world]187.51011018856198, 84.0388145489175, -96.51189009391496)
[00:23:20] [Server thread/WARN]: Can't keep up! Is the server overloaded? Running 2659ms or 53 ticks behind
[00:23:25] [Server thread/INFO]: mahatmagandhrian issued server command: /connect
[00:23:48] [Server thread/INFO]: mahatmagandhrian lost connection: Disconnected
[00:23:48] [Server thread/INFO]: mahatmagandhrian left the game
[00:24:45] [User Authenticator #1/INFO]: UUID of player mahatmagandhrian is 6a82f599-5591-4e88-8d7c-c305338c68cf
[00:24:45] [Server thread/INFO]: mahatmagandhrian joined the game
[00:24:45] [Server thread/INFO]: mahatmagandhrian[/127.0.0.1:59894] logged in with entity id 270 at ([world]185.93279369588626, 84.0388145489175, -101.11833566150186)
[00:24:49] [Server thread/INFO]: mahatmagandhrian issued server command: /stop
[00:24:49] [Server thread/INFO]: [mahatmagandhrian: Stopping the server]
[00:24:49] [Server thread/INFO]: Stopping server
[00:24:49] [Server thread/INFO]: [ChatBridge] Disabling ChatBridge v1.0-SNAPSHOT
[00:24:49] [Server thread/INFO]: ChatBridge disabled
[00:24:49] [Server thread/INFO]: Saving players
[00:24:49] [JDA MainWS-ReadThread/ERROR]: [net.dv8tion.jda.internal.requests.WebSocketClient] There was an error in the WebSocket connection. Trace: [["gateway-prd-arm-us-east1-d-jpsk",{"micros":108306,"calls":["id_created",{"micros":418,"calls":[]},"session_lookup_time",{"micros":971,"calls":[]},"session_lookup_finished",{"micros":12,"calls":[]},"discord-sessions-prd-2-141",{"micros":105542,"calls":["start_session",{"micros":76548,"calls":["discord-api-rpc-7b676c5f8b-qkh45",{"micros":48361,"calls":["get_user",{"micros":8038},"get_guilds",{"micros":3997},"send_scheduled_deletion_message",{"micros":14},"guild_join_requests",{"micros":131},"authorized_ip_coro",{"micros":12},"pending_payments",{"micros":18166},"apex_experiments",{"micros":3688},"user_activities",{"micros":4},"played_application_ids",{"micros":6}]}]},"starting_guild_connect",{"micros":70,"calls":[]},"presence_started",{"micros":699,"calls":[]},"guilds_started",{"micros":57,"calls":[]},"lobbies_started",{"micros":1,"calls":[]},"guilds_connect",{"micros":1,"calls":[]},"presence_connect",{"micros":28148,"calls":[]},"connect_finished",{"micros":28152,"calls":[]},"build_ready",{"micros":13,"calls":[]},"clean_ready",{"micros":0,"calls":[]},"optimize_ready",{"micros":1,"calls":[]},"split_ready",{"micros":0,"calls":[]}]}]}]]
java.lang.IllegalStateException: The plugin classloader for ChatBridge has thrown a zip file error.
	at org.bukkit.plugin.java.PluginClassLoader.findClass(PluginClassLoader.java:225) ~[paper-api-1.21.8-R0.1-SNAPSHOT.jar:?]
	at java.base/java.lang.ClassLoader.loadClass(ClassLoader.java:593) ~[?:?]
	at org.bukkit.plugin.java.PluginClassLoader.loadClass0(PluginClassLoader.java:177) ~[paper-api-1.21.8-R0.1-SNAPSHOT.jar:?]
	at org.bukkit.plugin.java.PluginClassLoader.loadClass(PluginClassLoader.java:172) ~[paper-api-1.21.8-R0.1-SNAPSHOT.jar:?]
	at java.base/java.lang.ClassLoader.loadClass(ClassLoader.java:526) ~[?:?]
	at DcBridge-1.0-SNAPSHOT-1756938129084.jar/net.dv8tion.jda.internal.requests.WebSocketClient.onShutdown(WebSocketClient.java:363) ~[DcBridge-1.0-SNAPSHOT-1756938129084.jar:?]
	at DcBridge-1.0-SNAPSHOT-1756938129084.jar/net.dv8tion.jda.internal.requests.WebSocketClient.handleDisconnect(WebSocketClient.java:547) ~[DcBridge-1.0-SNAPSHOT-1756938129084.jar:?]
	at DcBridge-1.0-SNAPSHOT-1756938129084.jar/net.dv8tion.jda.internal.requests.WebSocketClient.onDisconnected(WebSocketClient.java:464) ~[DcBridge-1.0-SNAPSHOT-1756938129084.jar:?]
	at DcBridge-1.0-SNAPSHOT-1756938129084.jar/com.neovisionaries.ws.client.ListenerManager.callOnDisconnected(ListenerManager.java:224) ~[DcBridge-1.0-SNAPSHOT-1756938129084.jar:?]
	at DcBridge-1.0-SNAPSHOT-1756938129084.jar/com.neovisionaries.ws.client.WebSocket.finish(WebSocket.java:3758) ~[DcBridge-1.0-SNAPSHOT-1756938129084.jar:?]
	at DcBridge-1.0-SNAPSHOT-1756938129084.jar/com.neovisionaries.ws.client.WebSocket.onThreadsFinished(WebSocket.java:3724) ~[DcBridge-1.0-SNAPSHOT-1756938129084.jar:?]
	at DcBridge-1.0-SNAPSHOT-1756938129084.jar/com.neovisionaries.ws.client.WebSocket.onReadingThreadFinished(WebSocket.java:3691) ~[DcBridge-1.0-SNAPSHOT-1756938129084.jar:?]
	at DcBridge-1.0-SNAPSHOT-1756938129084.jar/com.neovisionaries.ws.client.ReadingThread.notifyFinished(ReadingThread.java:1138) ~[DcBridge-1.0-SNAPSHOT-1756938129084.jar:?]
	at DcBridge-1.0-SNAPSHOT-1756938129084.jar/com.neovisionaries.ws.client.ReadingThread.runMain(ReadingThread.java:80) ~[DcBridge-1.0-SNAPSHOT-1756938129084.jar:?]
	at DcBridge-1.0-SNAPSHOT-1756938129084.jar/com.neovisionaries.ws.client.WebSocketThread.run(WebSocketThread.java:45) ~[DcBridge-1.0-SNAPSHOT-1756938129084.jar:?]
Caused by: java.lang.IllegalStateException: zip file closed
	at java.base/java.util.zip.ZipFile.ensureOpen(ZipFile.java:846) ~[?:?]
	at java.base/java.util.zip.ZipFile.getEntry(ZipFile.java:338) ~[?:?]
	at java.base/java.util.jar.JarFile.getEntry(JarFile.java:517) ~[?:?]
	at java.base/java.util.jar.JarFile.getJarEntry(JarFile.java:472) ~[?:?]
	at org.bukkit.plugin.java.PluginClassLoader.findClass(PluginClassLoader.java:220) ~[paper-api-1.21.8-R0.1-SNAPSHOT.jar:?]
	... 14 more
[00:24:49] [Server thread/INFO]: mahatmagandhrian lost connection: Server closed
[00:24:49] [Server thread/INFO]: mahatmagandhrian left the game
[00:24:50] [Server thread/INFO]: Saving worlds
[00:24:50] [Server thread/INFO]: Saving chunks for level 'ServerLevel[world]'/minecraft:overworld
[00:24:50] [Server thread/INFO]: [ChunkHolderManager] Waiting 60s for chunk system to halt for world 'world'
[00:24:50] [Server thread/INFO]: [ChunkHolderManager] Halted chunk system for world 'world'
[00:24:50] [Server thread/INFO]: [ChunkHolderManager] Saving all chunkholders for world 'world'
[00:24:52] [Server thread/INFO]: [ChunkHolderManager] Saved 587 block chunks, 587 entity chunks, 0 poi chunks in world 'world' in 2.65s
[00:24:52] [Server thread/INFO]: [ChunkHolderManager] Waiting 60s for chunk I/O to halt for world 'world'
[00:24:52] [Server thread/INFO]: [ChunkHolderManager] Halted I/O scheduler for world 'world'
[00:24:52] [Server thread/INFO]: Saving chunks for level 'ServerLevel[world_nether]'/minecraft:the_nether
[00:24:52] [Server thread/INFO]: [ChunkHolderManager] Waiting 60s for chunk system to halt for world 'world_nether'
[00:24:52] [Server thread/INFO]: [ChunkHolderManager] Halted chunk system for world 'world_nether'
[00:24:52] [Server thread/INFO]: [ChunkHolderManager] Saving all chunkholders for world 'world_nether'
[00:24:53] [Server thread/INFO]: [ChunkHolderManager] Saved 49 block chunks, 49 entity chunks, 0 poi chunks in world 'world_nether' in 0.24s
[00:24:53] [Server thread/INFO]: [ChunkHolderManager] Waiting 60s for chunk I/O to halt for world 'world_nether'
[00:24:53] [Server thread/INFO]: [ChunkHolderManager] Halted I/O scheduler for world 'world_nether'
[00:24:53] [Server thread/INFO]: Saving chunks for level 'ServerLevel[world_the_end]'/minecraft:the_end
[00:24:53] [Server thread/INFO]: [ChunkHolderManager] Waiting 60s for chunk system to halt for world 'world_the_end'
[00:24:53] [Server thread/INFO]: [ChunkHolderManager] Halted chunk system for world 'world_the_end'
[00:24:53] [Server thread/INFO]: [ChunkHolderManager] Saving all chunkholders for world 'world_the_end'
[00:24:53] [Server thread/INFO]: [ChunkHolderManager] Saved 49 block chunks, 49 entity chunks, 0 poi chunks in world 'world_the_end' in 0.10s
[00:24:53] [Server thread/INFO]: [ChunkHolderManager] Waiting 60s for chunk I/O to halt for world 'world_the_end'
[00:24:53] [Server thread/INFO]: [ChunkHolderManager] Halted I/O scheduler for world 'world_the_end'
[00:24:53] [Server thread/INFO]: ThreadedAnvilChunkStorage (world): All chunks are saved
[00:24:53] [Server thread/INFO]: ThreadedAnvilChunkStorage (DIM-1): All chunks are saved
[00:24:53] [Server thread/INFO]: ThreadedAnvilChunkStorage (DIM1): All chunks are saved
[00:24:53] [Server thread/INFO]: ThreadedAnvilChunkStorage: All dimensions are saved
[00:24:53] [Server thread/INFO]: Waiting for all RegionFile I/O tasks to complete...
[00:24:53] [Server thread/INFO]: All RegionFile I/O tasks to complete
[00:24:53] [Server thread/INFO]: [MoonriseCommon] Awaiting termination of worker pool for up to 60s...
[00:24:53] [Server thread/INFO]: [MoonriseCommon] Awaiting termination of I/O pool for up to 60s...
